<?xml version="1.0" encoding="UTF-8" ?>
<testsuite failures="0" time="0.016" errors="0" skipped="0" tests="1" name="be.ugent.maf.cellmissy.parser.ObsepFileParserTest">
  <properties>
    <property name="java.runtime.name" value="Java(TM) SE Runtime Environment"/>
    <property name="sun.boot.library.path" value="C:\Program Files\Java\jdk1.7.0_01\jre\bin"/>
    <property name="java.vm.version" value="21.1-b02"/>
    <property name="user.country.format" value="GB"/>
    <property name="java.vm.vendor" value="Oracle Corporation"/>
    <property name="java.vendor.url" value="http://java.oracle.com/"/>
    <property name="path.separator" value=";"/>
    <property name="java.vm.name" value="Java HotSpot(TM) 64-Bit Server VM"/>
    <property name="file.encoding.pkg" value="sun.io"/>
    <property name="user.script" value=""/>
    <property name="user.country" value="US"/>
    <property name="sun.java.launcher" value="SUN_STANDARD"/>
    <property name="sun.os.patch.level" value="Service Pack 1"/>
    <property name="java.vm.specification.name" value="Java Virtual Machine Specification"/>
    <property name="user.dir" value="C:\Users\Paola\Documents\NetBeansProjects\CellMissy"/>
    <property name="java.runtime.version" value="1.7.0_01-b08"/>
    <property name="java.awt.graphicsenv" value="sun.awt.Win32GraphicsEnvironment"/>
    <property name="basedir" value="C:\Users\Paola\Documents\NetBeansProjects\CellMissy"/>
    <property name="java.endorsed.dirs" value="C:\Program Files\Java\jdk1.7.0_01\jre\lib\endorsed"/>
    <property name="os.arch" value="amd64"/>
    <property name="surefire.real.class.path" value="C:\Users\Paola\AppData\Local\Temp\surefirebooter4500581226870803355.jar"/>
    <property name="java.io.tmpdir" value="C:\Users\Paola\AppData\Local\Temp\"/>
    <property name="line.separator" value="
"/>
    <property name="java.vm.specification.vendor" value="Oracle Corporation"/>
    <property name="user.variant" value=""/>
    <property name="os.name" value="Windows 7"/>
    <property name="sun.jnu.encoding" value="Cp1252"/>
    <property name="java.library.path" value="C:\Program Files\Java\jdk1.7.0_01\jre\bin;C:\Windows\Sun\Java\bin;C:\Windows\system32;C:\Windows;SystemRoot%\system32;C:\Windows;C:\Windows\System32\Wbem;C:\Windows\System32\WindowsPowerShell\v1.0\;C:\Program Files\Java\jdk1.7.0_01\jre\bin;%M2%;C:\Program Files\Java\jdk1.7.0_01\bin;C:\Program Files\TortoiseSVN\bin;."/>
    <property name="surefire.test.class.path" value="C:\Users\Paola\Documents\NetBeansProjects\CellMissy\target\test-classes;C:\Users\Paola\Documents\NetBeansProjects\CellMissy\target\classes;C:\Users\Paola\.m2\repository\org\hibernate\javax\persistence\hibernate-jpa-2.0-api\1.0.1.Final\hibernate-jpa-2.0-api-1.0.1.Final.jar;C:\Users\Paola\.m2\repository\org\hibernate\hibernate-entitymanager\3.6.8.Final\hibernate-entitymanager-3.6.8.Final.jar;C:\Users\Paola\.m2\repository\org\hibernate\hibernate-core\3.6.8.Final\hibernate-core-3.6.8.Final.jar;C:\Users\Paola\.m2\repository\antlr\antlr\2.7.6\antlr-2.7.6.jar;C:\Users\Paola\.m2\repository\commons-collections\commons-collections\3.1\commons-collections-3.1.jar;C:\Users\Paola\.m2\repository\dom4j\dom4j\1.6.1\dom4j-1.6.1.jar;C:\Users\Paola\.m2\repository\org\hibernate\hibernate-commons-annotations\3.2.0.Final\hibernate-commons-annotations-3.2.0.Final.jar;C:\Users\Paola\.m2\repository\org\slf4j\slf4j-api\1.6.1\slf4j-api-1.6.1.jar;C:\Users\Paola\.m2\repository\javax\transaction\jta\1.1\jta-1.1.jar;C:\Users\Paola\.m2\repository\cglib\cglib\2.2\cglib-2.2.jar;C:\Users\Paola\.m2\repository\asm\asm\3.1\asm-3.1.jar;C:\Users\Paola\.m2\repository\javassist\javassist\3.12.0.GA\javassist-3.12.0.GA.jar;C:\Users\Paola\.m2\repository\junit\junit\4.8.2\junit-4.8.2.jar;C:\Users\Paola\.m2\repository\org\springframework\spring-core\3.0.5.RELEASE\spring-core-3.0.5.RELEASE.jar;C:\Users\Paola\.m2\repository\org\springframework\spring-asm\3.0.5.RELEASE\spring-asm-3.0.5.RELEASE.jar;C:\Users\Paola\.m2\repository\commons-logging\commons-logging\1.1.1\commons-logging-1.1.1.jar;C:\Users\Paola\.m2\repository\org\springframework\spring-expression\3.0.5.RELEASE\spring-expression-3.0.5.RELEASE.jar;C:\Users\Paola\.m2\repository\org\springframework\spring-beans\3.0.5.RELEASE\spring-beans-3.0.5.RELEASE.jar;C:\Users\Paola\.m2\repository\org\springframework\spring-context\3.0.5.RELEASE\spring-context-3.0.5.RELEASE.jar;C:\Users\Paola\.m2\repository\org\springframework\spring-aop\3.0.5.RELEASE\spring-aop-3.0.5.RELEASE.jar;C:\Users\Paola\.m2\repository\aopalliance\aopalliance\1.0\aopalliance-1.0.jar;C:\Users\Paola\.m2\repository\org\springframework\spring-tx\3.0.5.RELEASE\spring-tx-3.0.5.RELEASE.jar;C:\Users\Paola\.m2\repository\org\springframework\spring-orm\3.0.5.RELEASE\spring-orm-3.0.5.RELEASE.jar;C:\Users\Paola\.m2\repository\org\springframework\spring-jdbc\3.0.5.RELEASE\spring-jdbc-3.0.5.RELEASE.jar;C:\Users\Paola\.m2\repository\org\springframework\spring-test\3.0.5.RELEASE\spring-test-3.0.5.RELEASE.jar;C:\Users\Paola\.m2\repository\org\jdesktop\beansbinding\1.2.1\beansbinding-1.2.1.jar;C:\Users\Paola\.m2\repository\mysql\mysql-connector-java\5.1.18\mysql-connector-java-5.1.18.jar;C:\Users\Paola\.m2\repository\javax\annotation\jsr250-api\1.0\jsr250-api-1.0.jar;C:\Users\Paola\.m2\repository\org\hibernate\hibernate-validator\4.2.0.Final\hibernate-validator-4.2.0.Final.jar;C:\Users\Paola\.m2\repository\javax\validation\validation-api\1.0.0.GA\validation-api-1.0.0.GA.jar;"/>
    <property name="java.specification.name" value="Java Platform API Specification"/>
    <property name="java.class.version" value="51.0"/>
    <property name="sun.management.compiler" value="HotSpot 64-Bit Tiered Compilers"/>
    <property name="os.version" value="6.1"/>
    <property name="user.home" value="C:\Users\Paola"/>
    <property name="user.timezone" value="Europe/Paris"/>
    <property name="java.awt.printerjob" value="sun.awt.windows.WPrinterJob"/>
    <property name="java.specification.version" value="1.7"/>
    <property name="file.encoding" value="Cp1252"/>
    <property name="user.name" value="Paola"/>
    <property name="java.class.path" value="C:\Users\Paola\Documents\NetBeansProjects\CellMissy\target\test-classes;C:\Users\Paola\Documents\NetBeansProjects\CellMissy\target\classes;C:\Users\Paola\.m2\repository\org\hibernate\javax\persistence\hibernate-jpa-2.0-api\1.0.1.Final\hibernate-jpa-2.0-api-1.0.1.Final.jar;C:\Users\Paola\.m2\repository\org\hibernate\hibernate-entitymanager\3.6.8.Final\hibernate-entitymanager-3.6.8.Final.jar;C:\Users\Paola\.m2\repository\org\hibernate\hibernate-core\3.6.8.Final\hibernate-core-3.6.8.Final.jar;C:\Users\Paola\.m2\repository\antlr\antlr\2.7.6\antlr-2.7.6.jar;C:\Users\Paola\.m2\repository\commons-collections\commons-collections\3.1\commons-collections-3.1.jar;C:\Users\Paola\.m2\repository\dom4j\dom4j\1.6.1\dom4j-1.6.1.jar;C:\Users\Paola\.m2\repository\org\hibernate\hibernate-commons-annotations\3.2.0.Final\hibernate-commons-annotations-3.2.0.Final.jar;C:\Users\Paola\.m2\repository\org\slf4j\slf4j-api\1.6.1\slf4j-api-1.6.1.jar;C:\Users\Paola\.m2\repository\javax\transaction\jta\1.1\jta-1.1.jar;C:\Users\Paola\.m2\repository\cglib\cglib\2.2\cglib-2.2.jar;C:\Users\Paola\.m2\repository\asm\asm\3.1\asm-3.1.jar;C:\Users\Paola\.m2\repository\javassist\javassist\3.12.0.GA\javassist-3.12.0.GA.jar;C:\Users\Paola\.m2\repository\junit\junit\4.8.2\junit-4.8.2.jar;C:\Users\Paola\.m2\repository\org\springframework\spring-core\3.0.5.RELEASE\spring-core-3.0.5.RELEASE.jar;C:\Users\Paola\.m2\repository\org\springframework\spring-asm\3.0.5.RELEASE\spring-asm-3.0.5.RELEASE.jar;C:\Users\Paola\.m2\repository\commons-logging\commons-logging\1.1.1\commons-logging-1.1.1.jar;C:\Users\Paola\.m2\repository\org\springframework\spring-expression\3.0.5.RELEASE\spring-expression-3.0.5.RELEASE.jar;C:\Users\Paola\.m2\repository\org\springframework\spring-beans\3.0.5.RELEASE\spring-beans-3.0.5.RELEASE.jar;C:\Users\Paola\.m2\repository\org\springframework\spring-context\3.0.5.RELEASE\spring-context-3.0.5.RELEASE.jar;C:\Users\Paola\.m2\repository\org\springframework\spring-aop\3.0.5.RELEASE\spring-aop-3.0.5.RELEASE.jar;C:\Users\Paola\.m2\repository\aopalliance\aopalliance\1.0\aopalliance-1.0.jar;C:\Users\Paola\.m2\repository\org\springframework\spring-tx\3.0.5.RELEASE\spring-tx-3.0.5.RELEASE.jar;C:\Users\Paola\.m2\repository\org\springframework\spring-orm\3.0.5.RELEASE\spring-orm-3.0.5.RELEASE.jar;C:\Users\Paola\.m2\repository\org\springframework\spring-jdbc\3.0.5.RELEASE\spring-jdbc-3.0.5.RELEASE.jar;C:\Users\Paola\.m2\repository\org\springframework\spring-test\3.0.5.RELEASE\spring-test-3.0.5.RELEASE.jar;C:\Users\Paola\.m2\repository\org\jdesktop\beansbinding\1.2.1\beansbinding-1.2.1.jar;C:\Users\Paola\.m2\repository\mysql\mysql-connector-java\5.1.18\mysql-connector-java-5.1.18.jar;C:\Users\Paola\.m2\repository\javax\annotation\jsr250-api\1.0\jsr250-api-1.0.jar;C:\Users\Paola\.m2\repository\org\hibernate\hibernate-validator\4.2.0.Final\hibernate-validator-4.2.0.Final.jar;C:\Users\Paola\.m2\repository\javax\validation\validation-api\1.0.0.GA\validation-api-1.0.0.GA.jar;"/>
    <property name="java.vm.specification.version" value="1.7"/>
    <property name="sun.arch.data.model" value="64"/>
    <property name="java.home" value="C:\Program Files\Java\jdk1.7.0_01\jre"/>
    <property name="sun.java.command" value="C:\Users\Paola\AppData\Local\Temp\surefirebooter4500581226870803355.jar C:\Users\Paola\AppData\Local\Temp\surefire1439365363480347084tmp C:\Users\Paola\AppData\Local\Temp\surefire5859823259190323274tmp"/>
    <property name="java.specification.vendor" value="Oracle Corporation"/>
    <property name="user.language" value="en"/>
    <property name="awt.toolkit" value="sun.awt.windows.WToolkit"/>
    <property name="java.vm.info" value="mixed mode"/>
    <property name="java.version" value="1.7.0_01"/>
    <property name="java.ext.dirs" value="C:\Program Files\Java\jdk1.7.0_01\jre\lib\ext;C:\Windows\Sun\Java\lib\ext"/>
    <property name="sun.boot.class.path" value="C:\Program Files\Java\jdk1.7.0_01\jre\lib\resources.jar;C:\Program Files\Java\jdk1.7.0_01\jre\lib\rt.jar;C:\Program Files\Java\jdk1.7.0_01\jre\lib\sunrsasign.jar;C:\Program Files\Java\jdk1.7.0_01\jre\lib\jsse.jar;C:\Program Files\Java\jdk1.7.0_01\jre\lib\jce.jar;C:\Program Files\Java\jdk1.7.0_01\jre\lib\charsets.jar;C:\Program Files\Java\jdk1.7.0_01\jre\classes"/>
    <property name="java.vendor" value="Oracle Corporation"/>
    <property name="localRepository" value="C:\Users\Paola\.m2\repository"/>
    <property name="file.separator" value="\"/>
    <property name="java.vendor.url.bug" value="http://bugreport.sun.com/bugreport/"/>
    <property name="sun.cpu.endian" value="little"/>
    <property name="sun.io.unicode.encoding" value="UnicodeLittle"/>
    <property name="sun.desktop" value="windows"/>
    <property name="sun.cpu.isalist" value="amd64"/>
  </properties>
  <testcase time="0.015" classname="be.ugent.maf.cellmissy.parser.ObsepFileParserTest" name="testObsepFileParser"/>
</testsuite>